<?xml version="1.0" encoding="UTF-8"?>
<!-- Generated by org.testng.reporters.JUnitXMLReporter -->
<testsuite ignored="0" hostname="DESKTOP-7RQ531E" failures="0" tests="1" name="run on firefox" time="0.052" errors="0" timestamp="2024-08-03T18:30:49 IST">
  <testcase classname="com.eva.vtiger.BaseTest.BaseTest" name="@BeforeTest connectToDB" time="0.004">
    <failure type="java.lang.NullPointerException" message="Cannot invoke &amp;quot;com.eva.vtiger.Util.WebUtil.createExtendReports(String)&amp;quot; because &amp;quot;this.util&amp;quot; is null">
      <![CDATA[java.lang.NullPointerException: Cannot invoke "com.eva.vtiger.Util.WebUtil.createExtendReports(String)" because "this.util" is null
at com.eva.vtiger.BaseTest.BaseTest.connectToDB(BaseTest.java:48)
... Removed 24 stack frames]]>
    </failure>
  </testcase> <!-- @BeforeTest connectToDB -->
  <testcase classname="com.eva.vtiger.BaseTest.BaseTest" name="@BeforeClass beforeClass" time="-1.722690049571E9">
    <skipped/>
  </testcase> <!-- @BeforeClass beforeClass -->
  <testcase classname="com.eva.vtiger.BaseTest.BaseTest" name="@BeforeMethod hitURLAndLogin" time="-1.722690049581E9">
    <skipped/>
  </testcase> <!-- @BeforeMethod hitURLAndLogin -->
  <testcase classname="com.eva.vtiger.BaseTest.BaseTest" name="@AfterMethod afterTestCase" time="-1.722690049587E9">
    <skipped/>
  </testcase> <!-- @AfterMethod afterTestCase -->
  <testcase classname="com.eva.vtiger.BaseTest.BaseTest" name="@AfterClass afterClass" time="-1.722690049591E9">
    <skipped/>
  </testcase> <!-- @AfterClass afterClass -->
  <testcase classname="com.eva.vtiger.BaseTest.BaseTest" name="@AfterTest disconnectFromDB" time="-1.722690049594E9">
    <skipped/>
  </testcase> <!-- @AfterTest disconnectFromDB -->
  <testcase classname="com.eva.vtiger.testscript.smoke1.LeadsSmokeTestCase1" name="verifySearchLeads" time="0.0">
    <skipped/>
  </testcase> <!-- verifySearchLeads -->
</testsuite> <!-- run on firefox -->
