<?xml version="1.0" encoding="UTF-8"?>
<!-- Generated by org.testng.reporters.JUnitXMLReporter -->
<testsuite ignored="0" hostname="DESKTOP-7RQ531E" failures="0" tests="1" name="Test in Accounts" time="0.074" errors="0" timestamp="2024-09-02T13:01:12 IST">
  <testcase classname="com.eva.vtiger.testscript.smoke1.BaseTest" name="@BeforeTest connectToDB" time="0.005">
    <failure type="java.lang.NullPointerException" message="Cannot invoke &amp;quot;com.eva.vtiger.Util.WebUtil.createExtendReports(String)&amp;quot; because &amp;quot;this.util&amp;quot; is null">
      <![CDATA[java.lang.NullPointerException: Cannot invoke "com.eva.vtiger.Util.WebUtil.createExtendReports(String)" because "this.util" is null
at com.eva.vtiger.testscript.smoke1.BaseTest.connectToDB(BaseTest.java:46)
at java.base/java.util.concurrent.FutureTask.run(FutureTask.java:264)
at java.base/java.util.concurrent.ThreadPoolExecutor.runWorker(ThreadPoolExecutor.java:1136)
at java.base/java.util.concurrent.ThreadPoolExecutor$Worker.run(ThreadPoolExecutor.java:635)
at java.base/java.lang.Thread.run(Thread.java:833)
... Removed 15 stack frames]]>
    </failure>
  </testcase> <!-- @BeforeTest connectToDB -->
  <testcase classname="com.eva.vtiger.testscript.smoke1.BaseTest" name="@BeforeClass beforeClass" time="-1.725262272335E9">
    <skipped/>
  </testcase> <!-- @BeforeClass beforeClass -->
  <testcase classname="com.eva.vtiger.testscript.smoke1.BaseTest" name="@BeforeMethod hitURLAndLogin" time="-1.725262272351E9">
    <skipped/>
  </testcase> <!-- @BeforeMethod hitURLAndLogin -->
  <testcase classname="com.eva.vtiger.testscript.smoke1.BaseTest" name="@AfterMethod afterTestCase" time="-1.72526227236E9">
    <skipped/>
  </testcase> <!-- @AfterMethod afterTestCase -->
  <testcase classname="com.eva.vtiger.testscript.smoke1.BaseTest" name="@AfterClass afterClass" time="-1.725262272362E9">
    <skipped/>
  </testcase> <!-- @AfterClass afterClass -->
  <testcase classname="com.eva.vtiger.testscript.smoke1.BaseTest" name="@AfterTest disconnectFromDB" time="-1.725262272366E9">
    <skipped/>
  </testcase> <!-- @AfterTest disconnectFromDB -->
  <testcase classname="com.eva.vtiger.testscript.smoke1.AccountsSmokeTestCase1" name="verifyCreateAccounts" time="0.0">
    <skipped/>
  </testcase> <!-- verifyCreateAccounts -->
</testsuite> <!-- Test in Accounts -->
