<?xml version="1.0" encoding="UTF-8"?>
<!-- Generated by org.testng.reporters.JUnitXMLReporter -->
<testsuite ignored="0" hostname="DESKTOP-7RQ531E" failures="0" tests="1" name="Default test" time="0.054" errors="0" timestamp="2024-08-03T17:24:22 IST">
  <testcase classname="com.eva.vtiger.testscript.smoke1.BaseTest" name="@BeforeTest connectToDB" time="-1.722686062905E9">
    <failure type="org.testng.TestNGException" message="
Can inject only one of &amp;lt;ITestContext, XmlTest&amp;gt; into a @BeforeTest annotated connectToDB.
For more information on native dependency injection please refer to https://testng.org/doc/documentation-main.html#native-dependency-injection">
      <![CDATA[org.testng.TestNGException: 
Can inject only one of <ITestContext, XmlTest> into a @BeforeTest annotated connectToDB.
For more information on native dependency injection please refer to https://testng.org/doc/documentation-main.html#native-dependency-injection
at org.testng.internal.Parameters.checkParameterTypes(Parameters.java:439)
at org.testng.internal.Parameters.createParametersForMethod(Parameters.java:353)
at org.testng.internal.Parameters.createParameters(Parameters.java:708)
at org.testng.internal.Parameters.createConfigurationParameters(Parameters.java:168)
at org.testng.internal.ConfigInvoker.invokeConfigurations(ConfigInvoker.java:302)
at org.testng.TestRunner.invokeTestConfigurations(TestRunner.java:637)
at org.testng.TestRunner.beforeRun(TestRunner.java:627)
at org.testng.TestRunner.run(TestRunner.java:589)
at org.testng.SuiteRunner.runTest(SuiteRunner.java:377)
at org.testng.SuiteRunner.runSequentially(SuiteRunner.java:371)
at org.testng.SuiteRunner.privateRun(SuiteRunner.java:332)
at org.testng.SuiteRunner.run(SuiteRunner.java:276)
at org.testng.SuiteRunnerWorker.runSuite(SuiteRunnerWorker.java:53)
at org.testng.SuiteRunnerWorker.run(SuiteRunnerWorker.java:96)
at org.testng.TestNG.runSuitesSequentially(TestNG.java:1212)
at org.testng.TestNG.runSuitesLocally(TestNG.java:1134)
at org.testng.TestNG.runSuites(TestNG.java:1063)
at org.testng.TestNG.run(TestNG.java:1031)
at org.testng.remote.AbstractRemoteTestNG.run(AbstractRemoteTestNG.java:115)
at org.testng.remote.RemoteTestNG.initAndRun(RemoteTestNG.java:293)
at org.testng.remote.RemoteTestNG.main(RemoteTestNG.java:91)
]]>
    </failure>
  </testcase> <!-- @BeforeTest connectToDB -->
  <testcase classname="com.eva.vtiger.testscript.smoke1.BaseTest" name="@BeforeClass beforeClass" time="-1.722686062931E9">
    <skipped/>
  </testcase> <!-- @BeforeClass beforeClass -->
  <testcase classname="com.eva.vtiger.testscript.smoke1.BaseTest" name="@BeforeMethod hitURLAndLogin" time="-1.722686062945E9">
    <skipped/>
  </testcase> <!-- @BeforeMethod hitURLAndLogin -->
  <testcase classname="com.eva.vtiger.testscript.smoke1.BaseTest" name="@AfterMethod afterTestCase" time="-1.72268606295E9">
    <skipped/>
  </testcase> <!-- @AfterMethod afterTestCase -->
  <testcase classname="com.eva.vtiger.testscript.smoke1.BaseTest" name="@AfterClass afterClass" time="-1.722686062953E9">
    <skipped/>
  </testcase> <!-- @AfterClass afterClass -->
  <testcase classname="com.eva.vtiger.testscript.smoke1.BaseTest" name="@AfterTest disconnectFromDB" time="-1.722686062956E9">
    <skipped/>
  </testcase> <!-- @AfterTest disconnectFromDB -->
  <testcase classname="com.eva.vtiger.testscript.smoke1.LeadsSmokeTestCase1" name="verifySearchLeads" time="0.0">
    <skipped/>
  </testcase> <!-- verifySearchLeads -->
</testsuite> <!-- Default test -->
