<?xml version="1.0" encoding="UTF-8"?>
<!-- Generated by org.testng.reporters.JUnitXMLReporter -->
<testsuite ignored="0" hostname="DESKTOP-7RQ531E" failures="0" tests="1" name="run on safari" time="0.052" errors="0" timestamp="2024-08-03T19:23:42 IST">
  <testcase classname="com.eva.vtiger.testscript.smoke1.BaseTest" name="@BeforeTest connectToDB" time="0.003">
    <failure type="java.lang.NullPointerException" message="Cannot invoke &amp;quot;com.eva.vtiger.Util.WebUtil.createExtendReports(String)&amp;quot; because &amp;quot;this.util&amp;quot; is null">
      <![CDATA[java.lang.NullPointerException: Cannot invoke "com.eva.vtiger.Util.WebUtil.createExtendReports(String)" because "this.util" is null
at com.eva.vtiger.testscript.smoke1.BaseTest.connectToDB(BaseTest.java:47)
at java.base/java.util.concurrent.FutureTask.run(FutureTask.java:264)
at java.base/java.util.concurrent.ThreadPoolExecutor.runWorker(ThreadPoolExecutor.java:1136)
at java.base/java.util.concurrent.ThreadPoolExecutor$Worker.run(ThreadPoolExecutor.java:635)
at java.base/java.lang.Thread.run(Thread.java:833)
... Removed 15 stack frames]]>
    </failure>
  </testcase> <!-- @BeforeTest connectToDB -->
  <testcase classname="com.eva.vtiger.testscript.smoke1.BaseTest" name="@BeforeClass beforeClass" time="-1.722693222883E9">
    <skipped/>
  </testcase> <!-- @BeforeClass beforeClass -->
  <testcase classname="com.eva.vtiger.testscript.smoke1.BaseTest" name="@BeforeMethod hitURLAndLogin" time="-1.722693222895E9">
    <skipped/>
  </testcase> <!-- @BeforeMethod hitURLAndLogin -->
  <testcase classname="com.eva.vtiger.testscript.smoke1.BaseTest" name="@AfterMethod afterTestCase" time="-1.722693222901E9">
    <skipped/>
  </testcase> <!-- @AfterMethod afterTestCase -->
  <testcase classname="com.eva.vtiger.testscript.smoke1.BaseTest" name="@AfterClass afterClass" time="-1.722693222904E9">
    <skipped/>
  </testcase> <!-- @AfterClass afterClass -->
  <testcase classname="com.eva.vtiger.testscript.smoke1.BaseTest" name="@AfterTest disconnectFromDB" time="-1.722693222907E9">
    <skipped/>
  </testcase> <!-- @AfterTest disconnectFromDB -->
  <testcase classname="com.eva.vtiger.testscript.smoke1.AccountsSmokeTestCase1" name="verifyCreateAccounts" time="0.0">
    <skipped/>
  </testcase> <!-- verifyCreateAccounts -->
</testsuite> <!-- run on safari -->
