<?xml version="1.0" encoding="UTF-8"?>
<!-- Generated by org.testng.reporters.JUnitXMLReporter -->
<testsuite ignored="0" hostname="DESKTOP-7RQ531E" failures="0" tests="1" name="Test" time="0.076" errors="0" timestamp="2024-09-11T11:45:26 IST">
  <testcase classname="com.eva.vtiger.testscript.smoke1.BaseTest" name="@BeforeMethod hitURLAndLogin" time="0.001">
    <failure type="java.lang.NullPointerException" message="Cannot invoke &amp;quot;com.eva.vtiger.Util.WebUtil.launchBrowser(String)&amp;quot; because &amp;quot;this.util&amp;quot; is null">
      <![CDATA[java.lang.NullPointerException: Cannot invoke "com.eva.vtiger.Util.WebUtil.launchBrowser(String)" because "this.util" is null
at com.eva.vtiger.testscript.smoke1.BaseTest.hitURLAndLogin(BaseTest.java:61)
at java.base/java.util.ArrayList.forEach(ArrayList.java:1511)
at java.base/java.util.concurrent.FutureTask.run(FutureTask.java:264)
at java.base/java.util.concurrent.ThreadPoolExecutor.runWorker(ThreadPoolExecutor.java:1136)
at java.base/java.util.concurrent.ThreadPoolExecutor$Worker.run(ThreadPoolExecutor.java:635)
at java.base/java.lang.Thread.run(Thread.java:833)
... Removed 22 stack frames]]>
    </failure>
  </testcase> <!-- @BeforeMethod hitURLAndLogin -->
  <testcase classname="com.eva.vtiger.testscript.smoke1.BaseTest" name="@AfterMethod afterTestCase" time="-1.726035326406E9">
    <skipped/>
  </testcase> <!-- @AfterMethod afterTestCase -->
  <testcase classname="com.eva.vtiger.testscript.smoke1.BaseTest" name="@AfterClass afterClass" time="-1.726035326409E9">
    <skipped/>
  </testcase> <!-- @AfterClass afterClass -->
  <testcase classname="com.eva.vtiger.testscript.smoke1.AccountsSmokeTestCase1" name="verifySearchAccounts" time="0.0">
    <skipped/>
  </testcase> <!-- verifySearchAccounts -->
</testsuite> <!-- Test -->
