<?xml version="1.0" encoding="UTF-8"?>
<testng-results ignored="0" total="1" passed="1" failed="0" skipped="0">
  <reporter-output>
  </reporter-output>
  <suite started-at="2024-08-06T19:20:33 IST" name="SmokeSuite" finished-at="2024-08-06T19:20:45 IST" duration-ms="11629">
    <groups>
    </groups>
    <test started-at="2024-08-06T19:20:33 IST" name="run on chrome" finished-at="2024-08-06T19:20:45 IST" duration-ms="11629">
      <class name="com.eva.vtiger.testscript.smoke1.ContactsSmokeTestCase1">
        <test-method is-config="true" signature="beforeSuite()[pri:0, instance:com.eva.vtiger.testscript.smoke1.ContactsSmokeTestCase1@59662a0b]" started-at="2024-08-06T19:20:33 IST" name="beforeSuite" finished-at="2024-08-06T19:20:33 IST" duration-ms="11" status="PASS">
          <reporter-output>
          </reporter-output>
        </test-method> <!-- beforeSuite -->
        <test-method is-config="true" signature="connectToDB(java.lang.String)[pri:0, instance:com.eva.vtiger.testscript.smoke1.ContactsSmokeTestCase1@59662a0b]" started-at="2024-08-06T19:20:33 IST" name="connectToDB" finished-at="2024-08-06T19:20:33 IST" duration-ms="209" status="PASS">
          <params>
            <param index="0">
              <value>
                <![CDATA[ContactsSmokeTestCase1]]>
              </value>
            </param>
          </params>
          <reporter-output>
          </reporter-output>
        </test-method> <!-- connectToDB -->
        <test-method is-config="true" signature="beforeClass(java.lang.String)[pri:0, instance:com.eva.vtiger.testscript.smoke1.ContactsSmokeTestCase1@59662a0b]" started-at="2024-08-06T19:20:33 IST" name="beforeClass" finished-at="2024-08-06T19:20:37 IST" duration-ms="3331" status="PASS">
          <params>
            <param index="0">
              <value>
                <![CDATA[firefox]]>
              </value>
            </param>
          </params>
          <reporter-output>
          </reporter-output>
        </test-method> <!-- beforeClass -->
        <test-method is-config="true" signature="hitURLAndLogin(java.lang.reflect.Method)[pri:0, instance:com.eva.vtiger.testscript.smoke1.ContactsSmokeTestCase1@59662a0b]" started-at="2024-08-06T19:20:37 IST" name="hitURLAndLogin" finished-at="2024-08-06T19:20:39 IST" duration-ms="2620" status="PASS">
          <params>
            <param index="0">
              <value>
                <![CDATA[public void com.eva.vtiger.testscript.smoke1.ContactsSmokeTestCase1.verifySearchContacts()]]>
              </value>
            </param>
          </params>
          <reporter-output>
          </reporter-output>
        </test-method> <!-- hitURLAndLogin -->
        <test-method signature="verifySearchContacts()[pri:1, instance:com.eva.vtiger.testscript.smoke1.ContactsSmokeTestCase1@59662a0b]" started-at="2024-08-06T19:20:39 IST" name="verifySearchContacts" finished-at="2024-08-06T19:20:44 IST" duration-ms="5099" status="PASS">
          <reporter-output>
          </reporter-output>
        </test-method> <!-- verifySearchContacts -->
        <test-method is-config="true" signature="afterTestCase(org.testng.ITestResult,java.lang.reflect.Method)[pri:0, instance:com.eva.vtiger.testscript.smoke1.ContactsSmokeTestCase1@59662a0b]" started-at="2024-08-06T19:20:44 IST" name="afterTestCase" finished-at="2024-08-06T19:20:44 IST" duration-ms="29" status="FAIL">
          <params>
            <param index="0">
              <value>
                <![CDATA[[TestResult name=verifySearchContacts status=SUCCESS method=ContactsSmokeTestCase1.verifySearchContacts()[pri:1, instance:com.eva.vtiger.testscript.smoke1.ContactsSmokeTestCase1@59662a0b] output={null}]]]>
              </value>
            </param>
            <param index="1">
              <value>
                <![CDATA[public void com.eva.vtiger.testscript.smoke1.ContactsSmokeTestCase1.verifySearchContacts()]]>
              </value>
            </param>
          </params>
          <exception class="org.openqa.selenium.UnhandledAlertException">
            <message>
              <![CDATA[Unexpected alert dialog detected. Performed handler "dismiss": 
Build info: version: '4.21.0', revision: '79ed462ef4'
System info: os.name: 'Windows 10', os.arch: 'amd64', os.version: '10.0', java.version: '17.0.0.1'
Driver info: org.openqa.selenium.firefox.FirefoxDriver
Command: [141563f7-1ffd-440e-bccf-6e91c993ed24, findElement {using=xpath, value=//a[text()='Sign Out']}]
Capabilities {acceptInsecureCerts: true, browserName: firefox, browserVersion: 129.0, moz:accessibilityChecks: false, moz:buildID: 20240801122119, moz:geckodriverVersion: 0.35.0, moz:headless: false, moz:platformVersion: 10.0, moz:processID: 23208, moz:profile: C:\Users\Hacker\AppData\Loc..., moz:shutdownTimeout: 60000, moz:webdriverClick: true, moz:windowless: false, pageLoadStrategy: normal, platformName: windows, proxy: Proxy(), setWindowRect: true, strictFileInteractability: false, timeouts: {implicit: 0, pageLoad: 300000, script: 30000}, unhandledPromptBehavior: dismiss and notify, userAgent: Mozilla/5.0 (Windows NT 10....}
Session ID: 141563f7-1ffd-440e-bccf-6e91c993ed24]]>
            </message>
            <full-stacktrace>
              <![CDATA[org.openqa.selenium.UnhandledAlertException: Unexpected alert dialog detected. Performed handler "dismiss": 
Build info: version: '4.21.0', revision: '79ed462ef4'
System info: os.name: 'Windows 10', os.arch: 'amd64', os.version: '10.0', java.version: '17.0.0.1'
Driver info: org.openqa.selenium.firefox.FirefoxDriver
Command: [141563f7-1ffd-440e-bccf-6e91c993ed24, findElement {using=xpath, value=//a[text()='Sign Out']}]
Capabilities {acceptInsecureCerts: true, browserName: firefox, browserVersion: 129.0, moz:accessibilityChecks: false, moz:buildID: 20240801122119, moz:geckodriverVersion: 0.35.0, moz:headless: false, moz:platformVersion: 10.0, moz:processID: 23208, moz:profile: C:\Users\Hacker\AppData\Loc..., moz:shutdownTimeout: 60000, moz:webdriverClick: true, moz:windowless: false, pageLoadStrategy: normal, platformName: windows, proxy: Proxy(), setWindowRect: true, strictFileInteractability: false, timeouts: {implicit: 0, pageLoad: 300000, script: 30000}, unhandledPromptBehavior: dismiss and notify, userAgent: Mozilla/5.0 (Windows NT 10....}
Session ID: 141563f7-1ffd-440e-bccf-6e91c993ed24
at org.openqa.selenium.remote.codec.w3c.W3CHttpResponseCodec.decode(W3CHttpResponseCodec.java:136)
at org.openqa.selenium.remote.codec.w3c.W3CHttpResponseCodec.decode(W3CHttpResponseCodec.java:50)
at org.openqa.selenium.remote.HttpCommandExecutor.execute(HttpCommandExecutor.java:190)
at org.openqa.selenium.remote.service.DriverCommandExecutor.invokeExecute(DriverCommandExecutor.java:216)
at org.openqa.selenium.remote.service.DriverCommandExecutor.execute(DriverCommandExecutor.java:174)
at org.openqa.selenium.remote.RemoteWebDriver.execute(RemoteWebDriver.java:518)
at org.openqa.selenium.remote.ElementLocation$ElementFinder$2.findElement(ElementLocation.java:165)
at org.openqa.selenium.remote.ElementLocation.findElement(ElementLocation.java:59)
at org.openqa.selenium.remote.RemoteWebDriver.findElement(RemoteWebDriver.java:355)
at org.openqa.selenium.remote.RemoteWebDriver.findElement(RemoteWebDriver.java:349)
at org.openqa.selenium.support.pagefactory.DefaultElementLocator.findElement(DefaultElementLocator.java:68)
at org.openqa.selenium.support.pagefactory.internal.LocatingElementHandler.invoke(LocatingElementHandler.java:38)
at jdk.proxy2/jdk.proxy2.$Proxy21.click(Unknown Source)
at com.eva.vtiger.Util.WebUtil.Click(WebUtil.java:413)
at com.eva.vtiger.pages.LoginPage.logout(LoginPage.java:39)
at com.eva.vtiger.BaseTest.BaseTest.afterTestCase(BaseTest.java:81)
at java.base/jdk.internal.reflect.NativeMethodAccessorImpl.invoke0(Native Method)
at java.base/jdk.internal.reflect.NativeMethodAccessorImpl.invoke(NativeMethodAccessorImpl.java:77)
at java.base/jdk.internal.reflect.DelegatingMethodAccessorImpl.invoke(DelegatingMethodAccessorImpl.java:43)
at java.base/java.lang.reflect.Method.invoke(Method.java:568)
at org.testng.internal.MethodInvocationHelper.invokeMethod(MethodInvocationHelper.java:133)
at org.testng.internal.MethodInvocationHelper.invokeMethodConsideringTimeout(MethodInvocationHelper.java:62)
at org.testng.internal.ConfigInvoker.invokeConfigurationMethod(ConfigInvoker.java:385)
at org.testng.internal.ConfigInvoker.invokeConfigurations(ConfigInvoker.java:321)
at org.testng.internal.TestInvoker.runConfigMethods(TestInvoker.java:700)
at org.testng.internal.TestInvoker.runAfterGroupsConfigurations(TestInvoker.java:676)
at org.testng.internal.TestInvoker.invokeMethod(TestInvoker.java:660)
at org.testng.internal.TestInvoker.invokeTestMethod(TestInvoker.java:173)
at org.testng.internal.MethodRunner.runInSequence(MethodRunner.java:46)
at org.testng.internal.TestInvoker$MethodInvocationAgent.invoke(TestInvoker.java:824)
at org.testng.internal.TestInvoker.invokeTestMethods(TestInvoker.java:146)
at org.testng.internal.TestMethodWorker.invokeTestMethods(TestMethodWorker.java:146)
at org.testng.internal.TestMethodWorker.run(TestMethodWorker.java:128)
at java.base/java.util.ArrayList.forEach(ArrayList.java:1511)
at org.testng.TestRunner.privateRun(TestRunner.java:794)
at org.testng.TestRunner.run(TestRunner.java:596)
at org.testng.SuiteRunner.runTest(SuiteRunner.java:377)
at org.testng.SuiteRunner.runSequentially(SuiteRunner.java:371)
at org.testng.SuiteRunner.privateRun(SuiteRunner.java:332)
at org.testng.SuiteRunner.run(SuiteRunner.java:276)
at org.testng.SuiteRunnerWorker.runSuite(SuiteRunnerWorker.java:53)
at org.testng.SuiteRunnerWorker.run(SuiteRunnerWorker.java:96)
at org.testng.TestNG.runSuitesSequentially(TestNG.java:1212)
at org.testng.TestNG.runSuitesLocally(TestNG.java:1134)
at org.testng.TestNG.runSuites(TestNG.java:1063)
at org.testng.TestNG.run(TestNG.java:1031)
at org.testng.remote.AbstractRemoteTestNG.run(AbstractRemoteTestNG.java:115)
at org.testng.remote.RemoteTestNG.initAndRun(RemoteTestNG.java:293)
at org.testng.remote.RemoteTestNG.main(RemoteTestNG.java:91)
]]>
            </full-stacktrace>
          </exception> <!-- org.openqa.selenium.UnhandledAlertException -->
          <reporter-output>
          </reporter-output>
        </test-method> <!-- afterTestCase -->
        <test-method is-config="true" signature="afterClass()[pri:0, instance:com.eva.vtiger.testscript.smoke1.ContactsSmokeTestCase1@59662a0b]" started-at="2024-08-06T19:20:44 IST" name="afterClass" finished-at="1970-01-01T05:30:00 IST" duration-ms="-1722952244878" status="SKIP">
          <reporter-output>
          </reporter-output>
        </test-method> <!-- afterClass -->
        <test-method is-config="true" signature="disconnectFromDB()[pri:0, instance:com.eva.vtiger.testscript.smoke1.ContactsSmokeTestCase1@59662a0b]" started-at="2024-08-06T19:20:44 IST" name="disconnectFromDB" finished-at="2024-08-06T19:20:45 IST" duration-ms="298" status="PASS">
          <reporter-output>
          </reporter-output>
        </test-method> <!-- disconnectFromDB -->
        <test-method is-config="true" signature="afterSuite()[pri:0, instance:com.eva.vtiger.testscript.smoke1.ContactsSmokeTestCase1@59662a0b]" started-at="2024-08-06T19:20:45 IST" name="afterSuite" finished-at="2024-08-06T19:20:45 IST" duration-ms="14" status="PASS">
          <reporter-output>
          </reporter-output>
        </test-method> <!-- afterSuite -->
      </class> <!-- com.eva.vtiger.testscript.smoke1.ContactsSmokeTestCase1 -->
    </test> <!-- run on chrome -->
  </suite> <!-- SmokeSuite -->
</testng-results>
